<?xml version="1.0" encoding="UTF-8"?>
<!-- Generated by org.testng.reporters.JUnitXMLReporter -->
<testsuite ignored="0" hostname="DESKTOP-34SBLB0" failures="0" tests="3" name="Default test" time="26.962" errors="0" timestamp="05 Sep 2023 04:59:01 GMT">
  <testcase classname="TestNG.Sessions.Searchcartdpassign" name="searchProduct" time="4.997"/>
  <testcase classname="TestNG.Sessions.Searchcartdpassign" name="searchProduct" time="3.808"/>
  <testcase classname="TestNG.Sessions.Searchcartdpassign" name="searchProduct" time="1.982"/>
</testsuite> <!-- Default test -->
