<?xml version="1.0" encoding="UTF-8"?>
<!-- Generated by org.testng.reporters.JUnitXMLReporter -->
<testsuite ignored="0" hostname="INAIRLT541343" failures="0" tests="3" name="Default test" time="41.421" errors="0" timestamp="04 Jul 2023 03:07:01 GMT">
  <testcase classname="TestNG.Sessions.Searchcartdpassign" name="searchProduct" time="1.977"/>
  <testcase classname="TestNG.Sessions.Searchcartdpassign" name="searchProduct" time="2.018"/>
  <testcase classname="TestNG.Sessions.Searchcartdpassign" name="searchProduct" time="1.228"/>
</testsuite> <!-- Default test -->
