<?xml version="1.0" encoding="UTF-8"?>
<testng-results ignored="0" total="1" passed="1" failed="0" skipped="0">
  <reporter-output>
  </reporter-output>
  <suite started-at="2023-05-14T06:14:42Z" name="Default suite" finished-at="2023-05-14T06:15:17Z" duration-ms="35185">
    <groups>
    </groups>
    <test started-at="2023-05-14T06:14:42Z" name="Default test" finished-at="2023-05-14T06:15:17Z" duration-ms="35185">
      <class name="PageTest">
        <test-method is-config="true" signature="setUp()[pri:0, instance:PageTest@481ba2cf]" started-at="2023-05-14T06:14:42Z" name="setUp" finished-at="2023-05-14T06:14:46Z" duration-ms="3544" status="PASS">
          <reporter-output>
          </reporter-output>
        </test-method> <!-- setUp -->
        <test-method signature="test()[pri:0, instance:PageTest@481ba2cf]" started-at="2023-05-14T06:14:46Z" name="test" finished-at="2023-05-14T06:15:17Z" duration-ms="31125" status="PASS">
          <reporter-output>
          </reporter-output>
        </test-method> <!-- test -->
        <test-method is-config="true" signature="tearDown()[pri:0, instance:PageTest@481ba2cf]" started-at="2023-05-14T06:15:17Z" name="tearDown" finished-at="2023-05-14T06:15:17Z" duration-ms="486" status="PASS">
          <reporter-output>
          </reporter-output>
        </test-method> <!-- tearDown -->
      </class> <!-- PageTest -->
    </test> <!-- Default test -->
  </suite> <!-- Default suite -->
</testng-results>
