<?xml version="1.0" encoding="UTF-8"?>
<testng-results ignored="0" total="3" passed="3" failed="0" skipped="0">
  <reporter-output>
  </reporter-output>
  <suite started-at="2023-07-04T03:06:20Z" name="Default suite" finished-at="2023-07-04T03:07:01Z" duration-ms="41421">
    <groups>
    </groups>
    <test started-at="2023-07-04T03:06:20Z" name="Default test" finished-at="2023-07-04T03:07:01Z" duration-ms="41421">
      <class name="TestNG.Sessions.Searchcartdpassign">
        <test-method is-config="true" signature="setUp()[pri:0, instance:TestNG.Sessions.Searchcartdpassign@413f69cc]" started-at="2023-07-04T03:06:20Z" name="setUp" finished-at="2023-07-04T03:06:56Z" duration-ms="36140" status="PASS">
          <reporter-output>
          </reporter-output>
        </test-method> <!-- setUp -->
        <test-method signature="searchProduct(java.lang.String, java.lang.String)[pri:0, instance:TestNG.Sessions.Searchcartdpassign@413f69cc]" started-at="2023-07-04T03:06:56Z" name="searchProduct" data-provider="registerData" finished-at="2023-07-04T03:06:58Z" duration-ms="1977" status="PASS">
          <params>
            <param index="0">
              <value>
                <![CDATA[macbook]]>
              </value>
            </param>
            <param index="1">
              <value>
                <![CDATA[MacBook Pro]]>
              </value>
            </param>
          </params>
          <reporter-output>
          </reporter-output>
        </test-method> <!-- searchProduct -->
        <test-method signature="searchProduct(java.lang.String, java.lang.String)[pri:0, instance:TestNG.Sessions.Searchcartdpassign@413f69cc]" started-at="2023-07-04T03:06:58Z" name="searchProduct" data-provider="registerData" finished-at="2023-07-04T03:07:00Z" duration-ms="2018" status="PASS">
          <params>
            <param index="0">
              <value>
                <![CDATA[samsung]]>
              </value>
            </param>
            <param index="1">
              <value>
                <![CDATA[Samsung Galaxy Tab 10.1]]>
              </value>
            </param>
          </params>
          <reporter-output>
          </reporter-output>
        </test-method> <!-- searchProduct -->
        <test-method signature="searchProduct(java.lang.String, java.lang.String)[pri:0, instance:TestNG.Sessions.Searchcartdpassign@413f69cc]" started-at="2023-07-04T03:07:00Z" name="searchProduct" data-provider="registerData" finished-at="2023-07-04T03:07:01Z" duration-ms="1228" status="PASS">
          <params>
            <param index="0">
              <value>
                <![CDATA[canon]]>
              </value>
            </param>
            <param index="1">
              <value>
                <![CDATA[Canon EOS 5D]]>
              </value>
            </param>
          </params>
          <reporter-output>
          </reporter-output>
        </test-method> <!-- searchProduct -->
      </class> <!-- TestNG.Sessions.Searchcartdpassign -->
    </test> <!-- Default test -->
  </suite> <!-- Default suite -->
</testng-results>
